[dhdDelta():18.13.37.0004] - Did not find FalconCommon.txt
[dhdComUSB::dhdComUSB():18.13.37.0004] - Constructor
[dhdDelta():18.13.37.0005] - Did not find FalconCommon.txt
[dhdComUSB::dhdComUSB():18.13.37.0006] - Constructor
[dhdDelta():18.13.37.0007] - Did not find FalconCommon.txt
[dhdComUSB::dhdComUSB():18.13.37.0007] - Constructor
[dhdDelta():18.13.37.0008] - Did not find FalconCommon.txt
[dhdComUSB::dhdComUSB():18.13.37.0008] - Constructor
[dhdDelta():18.13.37.0009] - Did not find FalconCommon.txt
[dhdComUSB::dhdComUSB():18.13.37.0009] - Constructor
[dhdDelta():18.13.37.0010] - Did not find FalconCommon.txt
[dhdComUSB::dhdComUSB():18.13.37.0010] - Constructor
[dhdDelta():18.13.37.0012] - Did not find FalconCommon.txt
[dhdComUSB::dhdComUSB():18.13.37.0012] - Constructor
[dhdDelta():18.13.37.0013] - Did not find FalconCommon.txt
[dhdComUSB::dhdComUSB():18.13.37.0013] - Constructor
[dhdDelta():18.13.37.0014] - Did not find FalconCommon.txt
[dhdComUSB::dhdComUSB():18.13.37.0014] - Constructor
[dhdDelta():18.13.37.0015] - Did not find FalconCommon.txt
[dhdComUSB::dhdComUSB():18.13.37.0015] - Constructor
[dhdOpenWithReset():18.13.37.0020] - currentDevice = 0, l_serNum = , is NOT smart
[dhdOpenWithReset():18.13.37.0194] - l_serNum after getFileName = 15000356
[dhdOpenWithReset():18.13.37.0196] - Found falcon_12_0101.bin at C:\Program Files (x86)\Novint\Falcon\HDAL\bin\falcon_12_0101.bin
[dhdOpenWithReset():18.13.37.0196] - comUSB[0]open(15000356, C:\Program Files (x86)\Novint\Falcon\HDAL\bin\falcon_12_0101.bin, False)
[dhdComUSB::open():18.13.37.0196] - Open(C:\Program Files (x86)\Novint\Falcon\HDAL\bin\falcon_12_0101.bin, false)
[dhdComUSB::open():18.13.37.0217] - OpenUSBPort succeeded after 1 tries
[dhdComUSB::open():18.13.37.0218] - deviceType = 0
[dhdComUSB::open():18.13.37.0218] - deviceID   = 67357512d
[dhdComUSB::open():18.13.37.0218] - deviceSN   = 15000356
[dhdComUSB::open():18.13.37.0218] - deviceDesc = FALCON HAPTIC
[dhdComUSB::OpenDeviceCommunications():18.13.37.0220] - Set Baud Rate Status: 0
[dhdComUSB::OpenDeviceCommunications():18.13.37.0511] - update() okay after 1 updates
[dhdComUSB::OpenDeviceCommunications():18.13.37.0511] - Returning 0
[dhdComUSB::changeGrip():18.13.37.2512] - New Grip: G_A
[dhdComUSB::changeGrip():18.13.37.2514] - Started grip change
[changeGripThreadFunc::18.13.37.2515] - deleting old grip object
[changeGripThreadFunc::18.13.37.2515] - Loading grip type G_A
[changeGripThreadFunc::18.13.37.2525] - Loading delta
[dhdDelta():18.13.37.2527] - Did not find FalconCommon.txt
[changeGripThreadFunc::18.13.37.2527] - Done loading new grip
[dhdComUSB::processData():18.13.37.2791] - G_A
[dhdComUSB::tryCalibration():18.13.37.3596] - HomeDisabled, LED Blue
[dhdComUSB::dhdComUSB():18.14.46.2699] - Constructor
[dhdComUSB::close():18.14.46.2700] - Closed
